<?xml version="1.0" encoding="UTF-8"?>
<!-- Generated by org.testng.reporters.JUnitReportReporter -->
<testsuite hostname="LAPTOP-8DE94NEI" failures="0" tests="1" name="Kite_Test.Test_Class" time="3.789" errors="0" timestamp="2022-09-05T16:02:04 IST" skipped="0">
  <testcase classname="Kite_Test.Test_Class" name="verifyuserID" time="3.789"/>
  <system-out>
    <![CDATA[running verify user id]]>
  </system-out>
</testsuite> <!-- Kite_Test.Test_Class -->
